This is pdfTeX, Version 3.1415926-1.40.11 (MiKTeX 2.9) (preloaded format=pdflatex 2011.4.27)  9 DEC 2014 13:48
entering extended mode
**Enonce_TSEM2.tex

(C:\Users\admintech\Documents\GitHub\TSEM2\Documentation\template_enonce_TPI\En
once_TSEM2.tex
LaTeX2e <2009/09/24>
Babel <v3.8l> and hyphenation patterns for english, afrikaans, ancientgreek, ar
abic, armenian, assamese, basque, bengali, bokmal, bulgarian, catalan, coptic, 
croatian, czech, danish, dutch, esperanto, estonian, farsi, finnish, french, ga
lician, german, german-x-2009-06-19, greek, gujarati, hindi, hungarian, iceland
ic, indonesian, interlingua, irish, italian, kannada, kurmanji, lao, latin, lat
vian, lithuanian, malayalam, marathi, mongolian, mongolianlmc, monogreek, ngerm
an, ngerman-x-2009-06-19, nynorsk, oriya, panjabi, pinyin, polish, portuguese, 
romanian, russian, sanskrit, serbian, slovak, slovenian, spanish, swedish, swis
sgerman, tamil, telugu, turkish, turkmen, ukenglish, ukrainian, uppersorbian, u
senglishmax, welsh, loaded.

(C:\Users\admintech\Documents\USBTeX-1.6_TeXstudio\USBTeX-1.6_TeXstudio\program
s\MiKTeX_2.9\tex\latex\base\article.cls
Document Class: article 2007/10/19 v1.4h Standard LaTeX document class

(C:\Users\admintech\Documents\USBTeX-1.6_TeXstudio\USBTeX-1.6_TeXstudio\program
s\MiKTeX_2.9\tex\latex\base\size12.clo
File: size12.clo 2007/10/19 v1.4h Standard LaTeX file (size option)
)
\c@part=\count79
\c@section=\count80
\c@subsection=\count81
\c@subsubsection=\count82
\c@paragraph=\count83
\c@subparagraph=\count84
\c@figure=\count85
\c@table=\count86
\abovecaptionskip=\skip41
\belowcaptionskip=\skip42
\bibindent=\dimen102
)
(C:\Users\admintech\Documents\USBTeX-1.6_TeXstudio\USBTeX-1.6_TeXstudio\program
s\MiKTeX_2.9\tex\latex\base\inputenc.sty
Package: inputenc 2008/03/30 v1.1d Input encoding file
\inpenc@prehook=\toks14
\inpenc@posthook=\toks15

(C:\Users\admintech\Documents\USBTeX-1.6_TeXstudio\USBTeX-1.6_TeXstudio\program
s\MiKTeX_2.9\tex\latex\base\latin1.def
File: latin1.def 2008/03/30 v1.1d Input encoding file
))
(C:\Users\admintech\Documents\USBTeX-1.6_TeXstudio\USBTeX-1.6_TeXstudio\program
s\MiKTeX_2.9\tex\latex\base\fontenc.sty
Package: fontenc 2005/09/27 v1.99g Standard LaTeX package

(C:\Users\admintech\Documents\USBTeX-1.6_TeXstudio\USBTeX-1.6_TeXstudio\program
s\MiKTeX_2.9\tex\latex\base\t1enc.def
File: t1enc.def 2005/09/27 v1.99g Standard LaTeX file
LaTeX Font Info:    Redeclaring font encoding T1 on input line 43.
))
(C:\Users\admintech\Documents\USBTeX-1.6_TeXstudio\USBTeX-1.6_TeXstudio\program
s\MiKTeX_2.9\tex\generic\babel\babel.sty
Package: babel 2008/07/06 v3.8l The Babel package

*************************************
* Local config file bblopts.cfg used
*

(C:\Users\admintech\Documents\USBTeX-1.6_TeXstudio\USBTeX-1.6_TeXstudio\program
s\MiKTeX_2.9\tex\latex\00miktex\bblopts.cfg
File: bblopts.cfg 2006/07/31 v1.0 MiKTeX 'babel' configuration
)
(C:\Users\admintech\Documents\USBTeX-1.6_TeXstudio\USBTeX-1.6_TeXstudio\program
s\MiKTeX_2.9\tex\generic\babel\frenchb.ldf
Language: frenchb 2009/03/16 v2.3d French support from the babel system

(C:\Users\admintech\Documents\USBTeX-1.6_TeXstudio\USBTeX-1.6_TeXstudio\program
s\MiKTeX_2.9\tex\generic\babel\babel.def
File: babel.def 2008/07/06 v3.8l Babel common definitions
\babel@savecnt=\count87
\U@D=\dimen103
)
Package babel Info: Making : an active character on input line 120.
Package babel Info: Making ; an active character on input line 121.
Package babel Info: Making ! an active character on input line 122.
Package babel Info: Making ? an active character on input line 123.
\FB@Mht=\dimen104
\std@mcc=\count88
\dec@mcc=\count89
\parindentFFN=\dimen105

*************************************
* Local config file frenchb.cfg used
*

(C:\Users\admintech\Documents\USBTeX-1.6_TeXstudio\USBTeX-1.6_TeXstudio\program
s\MiKTeX_2.9\tex\generic\babel\frenchb.cfg)))
(C:\Users\admintech\Documents\USBTeX-1.6_TeXstudio\USBTeX-1.6_TeXstudio\program
s\MiKTeX_2.9\tex\latex\carlisle\scalefnt.sty)
(C:\Users\admintech\Documents\USBTeX-1.6_TeXstudio\USBTeX-1.6_TeXstudio\program
s\MiKTeX_2.9\tex\latex\graphics\keyval.sty
Package: keyval 1999/03/16 v1.13 key=value parser (DPC)
\KV@toks@=\toks16
)
(C:\Users\admintech\Documents\USBTeX-1.6_TeXstudio\USBTeX-1.6_TeXstudio\program
s\MiKTeX_2.9\tex\latex\xcolor\xcolor.sty
Package: xcolor 2007/01/21 v2.11 LaTeX color extensions (UK)

(C:\Users\admintech\Documents\USBTeX-1.6_TeXstudio\USBTeX-1.6_TeXstudio\program
s\MiKTeX_2.9\tex\latex\00miktex\color.cfg
File: color.cfg 2007/01/18 v1.5 color configuration of teTeX/TeXLive
)
Package xcolor Info: Driver file: pdftex.def on input line 225.

(C:\Users\admintech\Documents\USBTeX-1.6_TeXstudio\USBTeX-1.6_TeXstudio\program
s\MiKTeX_2.9\tex\latex\pdftex-def\pdftex.def
File: pdftex.def 2011/01/28 v0.05d Graphics/color for pdfTeX
\Gread@gobject=\count90
)
Package xcolor Info: Model `cmy' substituted by `cmy0' on input line 1337.
Package xcolor Info: Model `hsb' substituted by `rgb' on input line 1341.
Package xcolor Info: Model `RGB' extended on input line 1353.
Package xcolor Info: Model `HTML' substituted by `rgb' on input line 1355.
Package xcolor Info: Model `Hsb' substituted by `hsb' on input line 1356.
Package xcolor Info: Model `tHsb' substituted by `hsb' on input line 1357.
Package xcolor Info: Model `HSB' substituted by `hsb' on input line 1358.
Package xcolor Info: Model `Gray' substituted by `gray' on input line 1359.
Package xcolor Info: Model `wave' substituted by `hsb' on input line 1360.
)
(C:\Users\admintech\Documents\USBTeX-1.6_TeXstudio\USBTeX-1.6_TeXstudio\program
s\MiKTeX_2.9\tex\latex\graphics\graphicx.sty
Package: graphicx 1999/02/16 v1.0f Enhanced LaTeX Graphics (DPC,SPQR)

(C:\Users\admintech\Documents\USBTeX-1.6_TeXstudio\USBTeX-1.6_TeXstudio\program
s\MiKTeX_2.9\tex\latex\graphics\graphics.sty
Package: graphics 2009/02/05 v1.0o Standard LaTeX Graphics (DPC,SPQR)

(C:\Users\admintech\Documents\USBTeX-1.6_TeXstudio\USBTeX-1.6_TeXstudio\program
s\MiKTeX_2.9\tex\latex\graphics\trig.sty
Package: trig 1999/03/16 v1.09 sin cos tan (DPC)
)
(C:\Users\admintech\Documents\USBTeX-1.6_TeXstudio\USBTeX-1.6_TeXstudio\program
s\MiKTeX_2.9\tex\latex\00miktex\graphics.cfg
File: graphics.cfg 2007/01/18 v1.5 graphics configuration of teTeX/TeXLive
)
Package graphics Info: Driver file: pdftex.def on input line 91.
)
\Gin@req@height=\dimen106
\Gin@req@width=\dimen107
)
(C:\Users\admintech\Documents\USBTeX-1.6_TeXstudio\USBTeX-1.6_TeXstudio\program
s\MiKTeX_2.9\tex\latex\ltxmisc\varwidth.sty
Package: varwidth 2009/03/30 ver 0.92;  Variable-width minipages
\@vwid@box=\box26
\sift@deathcycles=\count91
\@vwid@loff=\dimen108
\@vwid@roff=\dimen109
)
(C:\Users\admintech\Documents\USBTeX-1.6_TeXstudio\USBTeX-1.6_TeXstudio\program
s\MiKTeX_2.9\tex\latex\tools\varioref.sty
Package: varioref 2009/09/13 v1.4w package for extended references (FMi)
\c@vrcnt=\count92
)
(C:\Users\admintech\Documents\USBTeX-1.6_TeXstudio\USBTeX-1.6_TeXstudio\program
s\MiKTeX_2.9\tex\latex\tools\multicol.sty
Package: multicol 2008/12/05 v1.6h multicolumn formatting (FMi)
\c@tracingmulticols=\count93
\mult@box=\box27
\multicol@leftmargin=\dimen110
\c@unbalance=\count94
\c@collectmore=\count95
\doublecol@number=\count96
\multicoltolerance=\count97
\multicolpretolerance=\count98
\full@width=\dimen111
\page@free=\dimen112
\premulticols=\dimen113
\postmulticols=\dimen114
\multicolsep=\skip43
\multicolbaselineskip=\skip44
\partial@page=\box28
\last@line=\box29
\mult@rightbox=\box30
\mult@grightbox=\box31
\mult@gfirstbox=\box32
\mult@firstbox=\box33
\@tempa=\box34
\@tempa=\box35
\@tempa=\box36
\@tempa=\box37
\@tempa=\box38
\@tempa=\box39
\@tempa=\box40
\@tempa=\box41
\@tempa=\box42
\@tempa=\box43
\@tempa=\box44
\@tempa=\box45
\@tempa=\box46
\@tempa=\box47
\@tempa=\box48
\@tempa=\box49
\@tempa=\box50
\c@columnbadness=\count99
\c@finalcolumnbadness=\count100
\last@try=\dimen115
\multicolovershoot=\dimen116
\multicolundershoot=\dimen117
\mult@nat@firstbox=\box51
\colbreak@box=\box52
)
(C:\Users\admintech\Documents\USBTeX-1.6_TeXstudio\USBTeX-1.6_TeXstudio\program
s\MiKTeX_2.9\tex\latex\setspace\setspace.sty
Package: setspace 2000/12/01 6.7 Contributed and Supported LaTeX2e package

Package: `setspace' 6.7 <2000/12/01>
)
(C:\Users\admintech\Documents\USBTeX-1.6_TeXstudio\USBTeX-1.6_TeXstudio\program
s\MiKTeX_2.9\tex\latex\geometry\geometry.sty
Package: geometry 2010/09/12 v5.6 Page Geometry

(C:\Users\admintech\Documents\USBTeX-1.6_TeXstudio\USBTeX-1.6_TeXstudio\program
s\MiKTeX_2.9\tex\generic\oberdiek\ifpdf.sty
Package: ifpdf 2011/01/30 v2.3 Provides the ifpdf switch (HO)
Package ifpdf Info: pdfTeX in PDF mode is detected.
)
(C:\Users\admintech\Documents\USBTeX-1.6_TeXstudio\USBTeX-1.6_TeXstudio\program
s\MiKTeX_2.9\tex\generic\oberdiek\ifvtex.sty
Package: ifvtex 2010/03/01 v1.5 Switches for detecting VTeX and its modes (HO)
Package ifvtex Info: VTeX not detected.
)
(C:\Users\admintech\Documents\USBTeX-1.6_TeXstudio\USBTeX-1.6_TeXstudio\program
s\MiKTeX_2.9\tex\generic\ifxetex\ifxetex.sty
Package: ifxetex 2010/09/12 v0.6 Provides ifxetex conditional
)
\Gm@cnth=\count101
\Gm@cntv=\count102
\c@Gm@tempcnt=\count103
\Gm@bindingoffset=\dimen118
\Gm@wd@mp=\dimen119
\Gm@odd@mp=\dimen120
\Gm@even@mp=\dimen121
\Gm@layoutwidth=\dimen122
\Gm@layoutheight=\dimen123
\Gm@layouthoffset=\dimen124
\Gm@layoutvoffset=\dimen125
\Gm@dimlist=\toks17

(C:\Users\admintech\Documents\USBTeX-1.6_TeXstudio\USBTeX-1.6_TeXstudio\program
s\MiKTeX_2.9\tex\latex\geometry\geometry.cfg))
(C:\Users\admintech\Documents\USBTeX-1.6_TeXstudio\USBTeX-1.6_TeXstudio\program
s\MiKTeX_2.9\tex\latex\mdframed\mdframed.sty
Package: mdframed 2013/07/01 1.9b: mdframed

(C:\Users\admintech\Documents\USBTeX-1.6_TeXstudio\USBTeX-1.6_TeXstudio\program
s\MiKTeX_2.9\tex\latex\oberdiek\kvoptions.sty
Package: kvoptions 2010/12/23 v3.10 Keyval support for LaTeX options (HO)

(C:\Users\admintech\Documents\USBTeX-1.6_TeXstudio\USBTeX-1.6_TeXstudio\program
s\MiKTeX_2.9\tex\generic\oberdiek\ltxcmds.sty
Package: ltxcmds 2011/04/18 v1.20 LaTeX kernel commands for general use (HO)
)
(C:\Users\admintech\Documents\USBTeX-1.6_TeXstudio\USBTeX-1.6_TeXstudio\program
s\MiKTeX_2.9\tex\generic\oberdiek\kvsetkeys.sty
Package: kvsetkeys 2011/04/07 v1.13 Key value parser (HO)

(C:\Users\admintech\Documents\USBTeX-1.6_TeXstudio\USBTeX-1.6_TeXstudio\program
s\MiKTeX_2.9\tex\generic\oberdiek\infwarerr.sty
Package: infwarerr 2010/04/08 v1.3 Providing info/warning/message (HO)
)
(C:\Users\admintech\Documents\USBTeX-1.6_TeXstudio\USBTeX-1.6_TeXstudio\program
s\MiKTeX_2.9\tex\generic\oberdiek\etexcmds.sty
Package: etexcmds 2011/02/16 v1.5 Prefix for e-TeX command names (HO)

(C:\Users\admintech\Documents\USBTeX-1.6_TeXstudio\USBTeX-1.6_TeXstudio\program
s\MiKTeX_2.9\tex\generic\oberdiek\ifluatex.sty
Package: ifluatex 2010/03/01 v1.3 Provides the ifluatex switch (HO)
Package ifluatex Info: LuaTeX not detected.
)
Package etexcmds Info: Could not find \expanded.
(etexcmds)             That can mean that you are not using pdfTeX 1.50 or
(etexcmds)             that some package has redefined \expanded.
(etexcmds)             In the latter case, load this package earlier.
)))
(C:\Users\admintech\Documents\USBTeX-1.6_TeXstudio\USBTeX-1.6_TeXstudio\program
s\MiKTeX_2.9\tex\latex\l3packages\xparse\xparse.sty
(C:\Users\admintech\Documents\USBTeX-1.6_TeXstudio\USBTeX-1.6_TeXstudio\program
s\MiKTeX_2.9\tex\latex\l3kernel\expl3.sty
(C:\Users\admintech\Documents\USBTeX-1.6_TeXstudio\USBTeX-1.6_TeXstudio\program
s\MiKTeX_2.9\tex\latex\l3kernel\l3names.sty
(C:\Users\admintech\Documents\USBTeX-1.6_TeXstudio\USBTeX-1.6_TeXstudio\program
s\MiKTeX_2.9\tex\latex\l3kernel\l3bootstrap.sty
Package: l3bootstrap 2011/12/29 v3110 L3 Experimental bootstrap code
)
Package: l3names 2011/12/30 v3113 L3 Experimental namespace for primitives
)
(C:\Users\admintech\Documents\USBTeX-1.6_TeXstudio\USBTeX-1.6_TeXstudio\program
s\MiKTeX_2.9\tex\latex\misc\etex.sty
Package: etex 1998/03/26 v2.0 eTeX basic definition package (PEB)
\et@xins=\count104
)
Package: expl3 2012/02/26 v3471 L3 Experimental code bundle wrapper

(C:\Users\admintech\Documents\USBTeX-1.6_TeXstudio\USBTeX-1.6_TeXstudio\program
s\MiKTeX_2.9\tex\latex\l3kernel\l3basics.sty
Package: l3basics 2012/02/26 v3460 L3 Experimental basic definitions
)
(C:\Users\admintech\Documents\USBTeX-1.6_TeXstudio\USBTeX-1.6_TeXstudio\program
s\MiKTeX_2.9\tex\latex\l3kernel\l3expan.sty
Package: l3expan 2012/02/26 v3460 L3 Experimental argument expansion
)
(C:\Users\admintech\Documents\USBTeX-1.6_TeXstudio\USBTeX-1.6_TeXstudio\program
s\MiKTeX_2.9\tex\latex\l3kernel\l3tl.sty
Package: l3tl 2012/02/26 v3460 L3 Experimental token lists
)
(C:\Users\admintech\Documents\USBTeX-1.6_TeXstudio\USBTeX-1.6_TeXstudio\program
s\MiKTeX_2.9\tex\latex\l3kernel\l3seq.sty
Package: l3seq 2012/01/09 v3158 L3 Experimental sequences and stacks
)
(C:\Users\admintech\Documents\USBTeX-1.6_TeXstudio\USBTeX-1.6_TeXstudio\program
s\MiKTeX_2.9\tex\latex\l3kernel\l3int.sty
Package: l3int 2012/02/26 v3460 L3 Experimental integers
\c_max_int=\count105
\l_tmpa_int=\count106
\l_tmpb_int=\count107
\l_tmpc_int=\count108
\g_tmpa_int=\count109
\g_tmpb_int=\count110
)
(C:\Users\admintech\Documents\USBTeX-1.6_TeXstudio\USBTeX-1.6_TeXstudio\program
s\MiKTeX_2.9\tex\latex\l3kernel\l3quark.sty
Package: l3quark 2012/02/12 v3384 L3 Experimental quarks
)
(C:\Users\admintech\Documents\USBTeX-1.6_TeXstudio\USBTeX-1.6_TeXstudio\program
s\MiKTeX_2.9\tex\latex\l3kernel\l3prg.sty
Package: l3prg 2012/02/26 v3464 L3 Experimental control structures
\g_prg_map_int=\count111
)
(C:\Users\admintech\Documents\USBTeX-1.6_TeXstudio\USBTeX-1.6_TeXstudio\program
s\MiKTeX_2.9\tex\latex\l3kernel\l3clist.sty
Package: l3clist 2012/02/26 v3460 L3 Experimental comma separated lists
)
(C:\Users\admintech\Documents\USBTeX-1.6_TeXstudio\USBTeX-1.6_TeXstudio\program
s\MiKTeX_2.9\tex\latex\l3kernel\l3token.sty
Package: l3token 2012/02/26 v3460 L3 Experimental token manipulation
)
(C:\Users\admintech\Documents\USBTeX-1.6_TeXstudio\USBTeX-1.6_TeXstudio\program
s\MiKTeX_2.9\tex\latex\l3kernel\l3prop.sty
Package: l3prop 2012/02/26 v3460 L3 Experimental property lists
)
(C:\Users\admintech\Documents\USBTeX-1.6_TeXstudio\USBTeX-1.6_TeXstudio\program
s\MiKTeX_2.9\tex\latex\l3kernel\l3msg.sty
Package: l3msg 2012/02/26 v3470 L3 Experimental messages
)
(C:\Users\admintech\Documents\USBTeX-1.6_TeXstudio\USBTeX-1.6_TeXstudio\program
s\MiKTeX_2.9\tex\latex\l3kernel\l3file.sty
Package: l3file 2012/02/26 v3464 L3 Experimental file and I/O operations
\l_iow_stream_int=\count112
\l_iow_line_length_int=\count113
\l_iow_target_length_int=\count114
\l_iow_current_line_int=\count115
\l_iow_current_word_int=\count116
\l_iow_current_indentation_int=\count117
)
(C:\Users\admintech\Documents\USBTeX-1.6_TeXstudio\USBTeX-1.6_TeXstudio\program
s\MiKTeX_2.9\tex\latex\l3kernel\l3skip.sty
Package: l3skip 2012/02/26 v3460 L3 Experimental dimensions and skips
\l_tmpa_dim=\dimen126
\l_tmpb_dim=\dimen127
\l_tmpc_dim=\dimen128
\g_tmpa_dim=\dimen129
\g_tmpb_dim=\dimen130
\l_tmpa_skip=\skip45
\l_tmpb_skip=\skip46
\l_tmpc_skip=\skip47
\g_tmpa_skip=\skip48
\g_tmpb_skip=\skip49
)
(C:\Users\admintech\Documents\USBTeX-1.6_TeXstudio\USBTeX-1.6_TeXstudio\program
s\MiKTeX_2.9\tex\latex\l3kernel\l3keys.sty
Package: l3keys 2011/12/22 v3086 L3 Experimental key-value interfaces
\g_keyval_level_int=\count118
\l_keys_choice_int=\count119
)
(C:\Users\admintech\Documents\USBTeX-1.6_TeXstudio\USBTeX-1.6_TeXstudio\program
s\MiKTeX_2.9\tex\latex\l3kernel\l3fp.sty
Package: l3fp 2012/02/06 v3315 L3 Experimental floating-point operations
\c_one_million=\count120
\c_one_hundred_million=\count121
\c_five_hundred_million=\count122
\c_one_thousand_million=\count123
\c_fp_pi_by_four_decimal_int=\count124
\c_fp_pi_by_four_extended_int=\count125
\c_fp_pi_decimal_int=\count126
\c_fp_pi_extended_int=\count127
\c_fp_two_pi_decimal_int=\count128
\c_fp_two_pi_extended_int=\count129
\l_fp_count_int=\count130
\l_fp_div_offset_int=\count131
\l_fp_exp_integer_int=\count132
\l_fp_exp_decimal_int=\count133
\l_fp_exp_extended_int=\count134
\l_fp_exp_exponent_int=\count135
\l_fp_input_a_sign_int=\count136
\l_fp_input_a_integer_int=\count137
\l_fp_input_a_decimal_int=\count138
\l_fp_input_a_exponent_int=\count139
\l_fp_input_b_sign_int=\count140
\l_fp_input_b_integer_int=\count141
\l_fp_input_b_decimal_int=\count142
\l_fp_input_b_exponent_int=\count143
\l_fp_input_a_extended_int=\count144
\l_fp_input_b_extended_int=\count145
\l_fp_mul_a_i_int=\count146
\l_fp_mul_a_ii_int=\count147
\l_fp_mul_a_iii_int=\count148
\l_fp_mul_a_iv_int=\count149
\l_fp_mul_a_v_int=\count150
\l_fp_mul_a_vi_int=\count151
\l_fp_mul_b_i_int=\count152
\l_fp_mul_b_ii_int=\count153
\l_fp_mul_b_iii_int=\count154
\l_fp_mul_b_iv_int=\count155
\l_fp_mul_b_v_int=\count156
\l_fp_mul_b_vi_int=\count157
\l_fp_mul_output_int=\count158
\l_fp_output_sign_int=\count159
\l_fp_output_integer_int=\count160
\l_fp_output_decimal_int=\count161
\l_fp_output_exponent_int=\count162
\l_fp_output_extended_int=\count163
\l_fp_round_position_int=\count164
\l_fp_round_target_int=\count165
\l_fp_split_sign_int=\count166
\l_fp_internal_int=\count167
\l_fp_trig_octant_int=\count168
\l_fp_trig_sign_int=\count169
\l_fp_trig_decimal_int=\count170
\l_fp_trig_extended_int=\count171
\l_fp_internal_dim=\dimen131
\l_fp_internal_skip=\skip50
)
(C:\Users\admintech\Documents\USBTeX-1.6_TeXstudio\USBTeX-1.6_TeXstudio\program
s\MiKTeX_2.9\tex\latex\l3kernel\l3box.sty
Package: l3box 2012/02/18 v3432 L3 Experimental boxes
\l_tmpb_box=\box53
\l_box_top_dim=\dimen132
\l_box_bottom_dim=\dimen133
\l_box_left_dim=\dimen134
\l_box_right_dim=\dimen135
\l_box_top_new_dim=\dimen136
\l_box_bottom_new_dim=\dimen137
\l_box_left_new_dim=\dimen138
\l_box_right_new_dim=\dimen139
\l_box_internal_box=\box54
)
(C:\Users\admintech\Documents\USBTeX-1.6_TeXstudio\USBTeX-1.6_TeXstudio\program
s\MiKTeX_2.9\tex\latex\l3kernel\l3coffins.sty
Package: l3coffins 2012/02/26 v3460 L3 Experimental coffin code layer
\l_coffin_internal_box=\box55
\l_coffin_internal_dim=\dimen140
\l_coffin_offset_x_dim=\dimen141
\l_coffin_offset_y_dim=\dimen142
\l_coffin_x_dim=\dimen143
\l_coffin_y_dim=\dimen144
\l_coffin_x_prime_dim=\dimen145
\l_coffin_y_prime_dim=\dimen146
\l_coffin_Depth_dim=\dimen147
\l_coffin_Height_dim=\dimen148
\l_coffin_TotalHeight_dim=\dimen149
\l_coffin_Width_dim=\dimen150
\c_empty_coffin=\box56
\l_coffin_aligned_coffin=\box57
\l_coffin_aligned_internal_coffin=\box58
\l_coffin_bounding_shift_dim=\dimen151
\l_coffin_left_corner_dim=\dimen152
\l_coffin_right_corner_dim=\dimen153
\l_coffin_bottom_corner_dim=\dimen154
\l_coffin_top_corner_dim=\dimen155
\l_coffin_scaled_total_height_dim=\dimen156
\l_coffin_scaled_width_dim=\dimen157
\l_coffin_display_coffin=\box59
\l_coffin_display_coord_coffin=\box60
\l_coffin_display_pole_coffin=\box61
\l_coffin_display_offset_dim=\dimen158
\l_coffin_display_x_dim=\dimen159
\l_coffin_display_y_dim=\dimen160
)
(C:\Users\admintech\Documents\USBTeX-1.6_TeXstudio\USBTeX-1.6_TeXstudio\program
s\MiKTeX_2.9\tex\latex\l3kernel\l3color.sty
Package: l3color 2011/09/07 v2776 L3 Experimental colour support
)
(C:\Users\admintech\Documents\USBTeX-1.6_TeXstudio\USBTeX-1.6_TeXstudio\program
s\MiKTeX_2.9\tex\latex\l3kernel\l3luatex.sty
Package: l3luatex 2012/02/09 v3355 L3 Experimental LuaTeX-specific functions
\g_cctab_allocate_int=\count172
\g_cctab_stack_int=\count173
))
Package: xparse 2012/02/26 v3471 L3 Experimental document command parser
\l_xparse_current_arg_int=\count174
\l_xparse_m_args_int=\count175
\l_xparse_mandatory_args_int=\count176
\l_xparse_processor_int=\count177
\l_xparse_v_nesting_int=\count178
)
(C:\Users\admintech\Documents\USBTeX-1.6_TeXstudio\USBTeX-1.6_TeXstudio\program
s\MiKTeX_2.9\tex\latex\etoolbox\etoolbox.sty
Package: etoolbox 2011/01/03 v2.1 e-TeX tools for LaTeX
\etb@tempcnta=\count179
)
(C:\Users\admintech\Documents\USBTeX-1.6_TeXstudio\USBTeX-1.6_TeXstudio\program
s\MiKTeX_2.9\tex\latex\oberdiek\zref-abspage.sty
Package: zref-abspage 2011/03/18 v2.21 Module abspage for zref (HO)

(C:\Users\admintech\Documents\USBTeX-1.6_TeXstudio\USBTeX-1.6_TeXstudio\program
s\MiKTeX_2.9\tex\latex\oberdiek\zref-base.sty
Package: zref-base 2011/03/18 v2.21 Module base for zref (HO)

(C:\Users\admintech\Documents\USBTeX-1.6_TeXstudio\USBTeX-1.6_TeXstudio\program
s\MiKTeX_2.9\tex\generic\oberdiek\kvdefinekeys.sty
Package: kvdefinekeys 2011/04/07 v1.3 Defining keys (HO)
)
(C:\Users\admintech\Documents\USBTeX-1.6_TeXstudio\USBTeX-1.6_TeXstudio\program
s\MiKTeX_2.9\tex\generic\oberdiek\pdftexcmds.sty
Package: pdftexcmds 2011/04/16 v0.15 Utilities of pdfTeX for LuaTeX (HO)
Package pdftexcmds Info: LuaTeX not detected.
Package pdftexcmds Info: \pdf@primitive is available.
Package pdftexcmds Info: \pdf@ifprimitive is available.
Package pdftexcmds Info: \pdfdraftmode found.
)
(C:\Users\admintech\Documents\USBTeX-1.6_TeXstudio\USBTeX-1.6_TeXstudio\program
s\MiKTeX_2.9\tex\latex\oberdiek\auxhook.sty
Package: auxhook 2011/03/04 v1.3 Hooks for auxiliary files (HO)
)
Package zref Info: New property list: main on input line 707.
Package zref Info: New property: default on input line 708.
Package zref Info: New property: page on input line 709.
)
(C:\Users\admintech\Documents\USBTeX-1.6_TeXstudio\USBTeX-1.6_TeXstudio\program
s\MiKTeX_2.9\tex\generic\oberdiek\atbegshi.sty
Package: atbegshi 2011/01/30 v1.15 At begin shipout hook (HO)
)
\c@abspage=\count180
Package zref Info: New property: abspage on input line 62.
)
(C:\Users\admintech\Documents\USBTeX-1.6_TeXstudio\USBTeX-1.6_TeXstudio\program
s\MiKTeX_2.9\tex\latex\needspace\needspace.sty
Package: needspace 2010/09/12 v1.3d reserve vertical space
)
\mdf@templength=\skip51
\c@mdf@globalstyle@cnt=\count181
\mdf@skipabove@length=\skip52
\mdf@skipbelow@length=\skip53
\mdf@leftmargin@length=\skip54
\mdf@rightmargin@length=\skip55
\mdf@innerleftmargin@length=\skip56
\mdf@innerrightmargin@length=\skip57
\mdf@innertopmargin@length=\skip58
\mdf@innerbottommargin@length=\skip59
\mdf@splittopskip@length=\skip60
\mdf@splitbottomskip@length=\skip61
\mdf@outermargin@length=\skip62
\mdf@innermargin@length=\skip63
\mdf@linewidth@length=\skip64
\mdf@innerlinewidth@length=\skip65
\mdf@middlelinewidth@length=\skip66
\mdf@outerlinewidth@length=\skip67
\mdf@roundcorner@length=\skip68
\mdf@footenotedistance@length=\skip69
\mdf@userdefinedwidth@length=\skip70
\mdf@needspace@length=\skip71
\mdf@frametitleaboveskip@length=\skip72
\mdf@frametitlebelowskip@length=\skip73
\mdf@frametitlerulewidth@length=\skip74
\mdf@frametitleleftmargin@length=\skip75
\mdf@frametitlerightmargin@length=\skip76
\mdf@shadowsize@length=\skip77
\mdf@extratopheight@length=\skip78
\mdf@subtitleabovelinewidth@length=\skip79
\mdf@subtitlebelowlinewidth@length=\skip80
\mdf@subtitleaboveskip@length=\skip81
\mdf@subtitlebelowskip@length=\skip82
\mdf@subtitleinneraboveskip@length=\skip83
\mdf@subtitleinnerbelowskip@length=\skip84
\mdf@subsubtitleabovelinewidth@length=\skip85
\mdf@subsubtitlebelowlinewidth@length=\skip86
\mdf@subsubtitleaboveskip@length=\skip87
\mdf@subsubtitlebelowskip@length=\skip88
\mdf@subsubtitleinneraboveskip@length=\skip89
\mdf@subsubtitleinnerbelowskip@length=\skip90

(C:\Users\admintech\Documents\USBTeX-1.6_TeXstudio\USBTeX-1.6_TeXstudio\program
s\MiKTeX_2.9\tex\latex\mdframed\md-frame-0.mdf
File: md-frame-0.mdf 2013/07/01\ 1.9b: md-frame-0
)
\mdf@frametitlebox=\box62
\mdf@footnotebox=\box63
\mdf@splitbox@one=\box64
\mdf@splitbox@two=\box65
\mdf@splitbox@save=\box66
\mdfsplitboxwidth=\skip91
\mdfsplitboxtotalwidth=\skip92
\mdfsplitboxheight=\skip93
\mdfsplitboxdepth=\skip94
\mdfsplitboxtotalheight=\skip95
\mdfframetitleboxwidth=\skip96
\mdfframetitleboxtotalwidth=\skip97
\mdfframetitleboxheight=\skip98
\mdfframetitleboxdepth=\skip99
\mdfframetitleboxtotalheight=\skip100
\mdffootnoteboxwidth=\skip101
\mdffootnoteboxtotalwidth=\skip102
\mdffootnoteboxheight=\skip103
\mdffootnoteboxdepth=\skip104
\mdffootnoteboxtotalheight=\skip105
\mdftotallinewidth=\skip106
\mdfboundingboxwidth=\skip107
\mdfboundingboxtotalwidth=\skip108
\mdfboundingboxheight=\skip109
\mdfboundingboxdepth=\skip110
\mdfboundingboxtotalheight=\skip111
\mdf@freevspace@length=\skip112
\mdf@horizontalwidthofbox@length=\skip113
\mdf@verticalmarginwhole@length=\skip114
\mdf@horizontalspaceofbox=\skip115
\mdfsubtitleheight=\skip116
\mdfsubsubtitleheight=\skip117
\c@mdfcountframes=\count182

****** mdframed patching \endmdf@trivlist

****** -- success******

.................................................
. LaTeX info: "xparse/define-command"
. 
. Defining document command \newmdtheoremenv with arg. spec. 'O{} m o m o ' on
. line 601.
.................................................
.................................................
. LaTeX info: "xparse/define-command"
. 
. Defining document command \mdtheorem with arg. spec. ' O{} m o m o ' on line
. 701.
.................................................
\mdf@envdepth=\count183
\c@mdf@env@i=\count184
\c@mdf@env@ii=\count185
\c@mdf@zref@counter=\count186
Package zref Info: New property: mdf@pagevalue on input line 895.
)
(C:\Users\admintech\Documents\USBTeX-1.6_TeXstudio\USBTeX-1.6_TeXstudio\program
s\MiKTeX_2.9\tex\latex\fancyhdr\fancyhdr.sty
\fancy@headwidth=\skip118
\f@ncyO@elh=\skip119
\f@ncyO@erh=\skip120
\f@ncyO@olh=\skip121
\f@ncyO@orh=\skip122
\f@ncyO@elf=\skip123
\f@ncyO@erf=\skip124
\f@ncyO@olf=\skip125
\f@ncyO@orf=\skip126
)
(C:\Users\admintech\Documents\USBTeX-1.6_TeXstudio\USBTeX-1.6_TeXstudio\program
s\MiKTeX_2.9\tex\latex\lastpage\lastpage.sty

LaTeX Warning: You have requested release `2011/06/27' of LaTeX,
               but only release `2009/09/24' is available.

Package: lastpage 2011/09/01 v1.2k Refers to last page's name (HMM; JPG)
)
(C:\Users\admintech\Documents\USBTeX-1.6_TeXstudio\USBTeX-1.6_TeXstudio\program
s\MiKTeX_2.9\tex\latex\lipsum\lipsum.sty
Package: lipsum 2011/04/14 v1.2 150 paragraphs of Lorem Ipsum dummy text
\c@lips@count=\count187
)
(C:\Users\admintech\Documents\USBTeX-1.6_TeXstudio\USBTeX-1.6_TeXstudio\program
s\MiKTeX_2.9\tex\generic\oberdiek\embedfile.sty
Package: embedfile 2011/04/13 v2.6 embed files into PDF (HO)

(C:\Users\admintech\Documents\USBTeX-1.6_TeXstudio\USBTeX-1.6_TeXstudio\program
s\MiKTeX_2.9\tex\generic\oberdiek\pdfescape.sty
Package: pdfescape 2011/04/04 v1.12 Provides string conversions (HO)
))<<./Enonce_TSEM2.tex>>
(C:\Users\admintech\Documents\GitHub\TSEM2\Documentation\template_enonce_TPI\En
once_TSEM2.aux)
LaTeX Font Info:    Checking defaults for OML/cmm/m/it on input line 124.
LaTeX Font Info:    ... okay on input line 124.
LaTeX Font Info:    Checking defaults for T1/cmr/m/n on input line 124.
LaTeX Font Info:    ... okay on input line 124.
LaTeX Font Info:    Checking defaults for OT1/cmr/m/n on input line 124.
LaTeX Font Info:    ... okay on input line 124.
LaTeX Font Info:    Checking defaults for OMS/cmsy/m/n on input line 124.
LaTeX Font Info:    ... okay on input line 124.
LaTeX Font Info:    Checking defaults for OMX/cmex/m/n on input line 124.
LaTeX Font Info:    ... okay on input line 124.
LaTeX Font Info:    Checking defaults for U/cmr/m/n on input line 124.
LaTeX Font Info:    ... okay on input line 124.
LaTeX Font Info:    Try loading font information for T1+phv on input line 124.

(C:\Users\admintech\Documents\USBTeX-1.6_TeXstudio\USBTeX-1.6_TeXstudio\program
s\MiKTeX_2.9\tex\latex\psnfss\t1phv.fd
File: t1phv.fd 2001/06/04 scalable font definitions for T1/phv.
)
LaTeX Info: Redefining \degres on input line 124.
LaTeX Info: Redefining \dots on input line 124.
LaTeX Info: Redefining \up on input line 124.

(C:\Users\admintech\Documents\USBTeX-1.6_TeXstudio\USBTeX-1.6_TeXstudio\program
s\MiKTeX_2.9\tex\context\base\supp-pdf.mkii
[Loading MPS to PDF converter (version 2006.09.02).]
\scratchcounter=\count188
\scratchdimen=\dimen161
\scratchbox=\box67
\nofMPsegments=\count189
\nofMParguments=\count190
\everyMPshowfont=\toks18
\MPscratchCnt=\count191
\MPscratchDim=\dimen162
\MPnumerator=\count192
\makeMPintoPDFobject=\count193
\everyMPtoPDFconversion=\toks19
)
*geometry* driver: auto-detecting
*geometry* detected driver: pdftex
*geometry* verbose mode - [ preamble ] result:
* driver: pdftex
* paper: a4paper
* layout: <same size as paper>
* layoutoffset:(h,v)=(0.0pt,0.0pt)
* modes: 
* h-part:(L,W,R)=(42.67912pt, 512.14963pt, 42.67912pt)
* v-part:(T,H,B)=(56.9055pt, 731.23584pt, 56.9055pt)
* \paperwidth=597.50787pt
* \paperheight=845.04684pt
* \textwidth=512.14963pt
* \textheight=731.23584pt
* \oddsidemargin=-29.59087pt
* \evensidemargin=-29.59087pt
* \topmargin=-52.36449pt
* \headheight=12.0pt
* \headsep=25.0pt
* \topskip=12.0pt
* \footskip=30.0pt
* \marginparwidth=35.0pt
* \marginparsep=10.0pt
* \columnsep=10.0pt
* \skip\footins=10.8pt plus 4.0pt minus 2.0pt
* \hoffset=0.0pt
* \voffset=0.0pt
* \mag=1000
* \@twocolumnfalse
* \@twosidefalse
* \@mparswitchfalse
* \@reversemarginfalse
* (1in=72.27pt=25.4mm, 1cm=28.453pt)

\AtBeginShipoutBox=\box68
Package lastpage Info: Please have a look at the pageslts package at
(lastpage)             http://www.ctan.org/tex-archive/ 
(lastpage)             macros/latex/contrib/pageslts/ 
(lastpage)             or
(lastpage)             http://www.ctan.org/tex-archive/ 
(lastpage)             install/macros/latex/contrib/pageslts.tds.zip
(lastpage)             ! on input line 124.
<images/Post-Tenebras-Lux.jpg, id=3, 237.88875pt x 354.32375pt>
File: images/Post-Tenebras-Lux.jpg Graphic file (type jpg)

<use images/Post-Tenebras-Lux.jpg>
LaTeX Font Info:    External font `cmex10' loaded for size
(Font)              <12> on input line 140.
LaTeX Font Info:    External font `cmex10' loaded for size
(Font)              <8> on input line 140.
LaTeX Font Info:    External font `cmex10' loaded for size
(Font)              <6> on input line 140.
LaTeX Font Info:    Font shape `T1/phv/bx/n' in size <10> not available
(Font)              Font shape `T1/phv/b/n' tried instead on input line 140.
LaTeX Font Info:    Font shape `T1/phv/bx/n' in size <17.28> not available
(Font)              Font shape `T1/phv/b/n' tried instead on input line 145.
Package mdframed Info: mdframed inside a box 
 mdframed uses option nobreak mdframed on input line 160.
LaTeX Font Info:    Try loading font information for T1+cmvtt on input line 160
.

(C:\Users\admintech\Documents\USBTeX-1.6_TeXstudio\USBTeX-1.6_TeXstudio\program
s\MiKTeX_2.9\tex\latex\base\t1cmvtt.fd
File: t1cmvtt.fd 1999/05/25 v2.5h Standard LaTeX font definitions
)
Package mdframed Info: mdframed inside a box 
 mdframed uses option nobreak mdframed on input line 160.
Package mdframed Info: mdframed inside a box 
 mdframed uses option nobreak mdframed on input line 173.

Overfull \hbox (8.68878pt too wide) in paragraph at lines 173--173
[]\T1/cmvtt/m/n/10.95 christophe.marechal@edu.ge.ch| 
 []

Package mdframed Info: mdframed inside a box 
 mdframed uses option nobreak mdframed on input line 173.

Overfull \hbox (4.51958pt too wide) in paragraph at lines 148--174
[]  []   [] 
 []

LaTeX Font Info:    Font shape `T1/phv/bx/n' in size <12> not available
(Font)              Font shape `T1/phv/b/n' tried instead on input line 183.
LaTeX Font Info:    Font shape `T1/phv/m/it' in size <12> not available
(Font)              Font shape `T1/phv/m/sl' tried instead on input line 183.

Underfull \hbox (badness 10000) in paragraph at lines 189--197

 []

<images/schemaWebTV.png, id=4, 616.55344pt x 313.9228pt>
File: images/schemaWebTV.png Graphic file (type png)

<use images/schemaWebTV.png>
Overfull \hbox (1.89377pt too wide) in paragraph at lines 203--204
 [][] 
 []

<images/schemaTwitch.png, id=6, 322.95656pt x 253.69781pt>
File: images/schemaTwitch.png Graphic file (type png)

<use images/schemaTwitch.png>

Package Fancyhdr Warning: \headheight is too small (12.0pt): 
 Make it at least 14.49998pt.
 We now make it that large for the rest of the document.
 This may cause the page layout to be inconsistent, however.

[1

{C:/Users/admintech/Documents/USBTeX-1.6_TeXstudio/USBTeX-1.6_TeXstudio/program
s/MiKTeX_2.9/pdftex/config/pdftex.map} <C:/Users/admintech/Documents/GitHub/TSE
M2/Documentation/template_enonce_TPI/images/Post-Tenebras-Lux.jpg>] [2 <C:/User
s/admintech/Documents/GitHub/TSEM2/Documentation/template_enonce_TPI/images/sch
emaWebTV.png> <C:/Users/admintech/Documents/GitHub/TSEM2/Documentation/template
_enonce_TPI/images/schemaTwitch.png>]

Package mdframed Warning: You got a bad break
(mdframed)                because the last box will be empty
(mdframed)                you have to change it manually
(mdframed)                by changing the text, the space
(mdframed)                or something else on input line 266.

Package mdframed Info: You first box width is to small
 mdframed fixed it
(mdframed)              on input line 266.
[3]

Package mdframed Warning: You got a bad break
(mdframed)                because the last split box is empty
(mdframed)                You have to change the settings on input line 266.


AED: lastpage setting LastPage
[4]
(C:\Users\admintech\Documents\GitHub\TSEM2\Documentation\template_enonce_TPI\En
once_TSEM2.aux) ) 
Here is how much of TeX's memory you used:
 9907 strings out of 494019
 171734 string characters out of 3128541
 343689 words of memory out of 3000000
 13002 multiletter control sequences out of 15000+200000
 38031 words of font info for 46 fonts, out of 3000000 for 9000
 714 hyphenation exceptions out of 8191
 38i,12n,43p,846b,453s stack positions out of 5000i,500n,10000p,200000b,50000s
{C:/Users/admintech/Documents/USBTeX-1.6_TeXstudio/USBTeX-1.6_
TeXstudio/programs/MiKTeX_2.9/fonts/enc/dvips/fontname/8r.enc} <C:\Users\admint
ech\Documents\USBTeX-1.6_TeXstudio\USBTeX-1.6_TeXstudio\programs\MiKTeX_2.9\fon
ts\pk\ljfour\jknappen\ec\dpi600\ecvt1095.pk> <C:\Users\admintech\Documents\USBT
eX-1.6_TeXstudio\USBTeX-1.6_TeXstudio\programs\MiKTeX_2.9\fonts\pk\ljfour\jknap
pen\ec\dpi600\ecvt0800.pk><C:/Users/admintech/Documents/USBTeX-1.6_TeXstudio/US
BTeX-1.6_TeXstudio/programs/MiKTeX_2.9/fonts/type1/urw/helvetic/uhvb8a.pfb><C:/
Users/admintech/Documents/USBTeX-1.6_TeXstudio/USBTeX-1.6_TeXstudio/programs/Mi
KTeX_2.9/fonts/type1/urw/helvetic/uhvr8a.pfb><C:/Users/admintech/Documents/USBT
eX-1.6_TeXstudio/USBTeX-1.6_TeXstudio/programs/MiKTeX_2.9/fonts/type1/urw/helve
tic/uhvro8a.pfb>
Output written on Enonce_TSEM2.pdf (4 pages, 96243 bytes).
PDF statistics:
 79 PDF objects out of 1000 (max. 8388607)
 0 named destinations out of 1000 (max. 500000)
 28 words of extra memory for PDF output out of 10000 (max. 10000000)

