\BOOKMARK [0][-]{part.1}{I Cahier des charges}{}% 1
\BOOKMARK [1][-]{section.1}{Initial}{part.1}% 2
\BOOKMARK [2][-]{subsection.1.1}{Titre du projet}{section.1}% 3
\BOOKMARK [2][-]{subsection.1.2}{Objectifs du projet}{section.1}% 4
\BOOKMARK [2][-]{subsection.1.3}{Description du projet}{section.1}% 5
\BOOKMARK [0][-]{part.2}{II \311tude d'opportunit\351}{}% 6
\BOOKMARK [1][-]{section.2}{Introduction au projet}{part.2}% 7
\BOOKMARK [2][-]{subsection.2.1}{Twitch}{section.2}% 8
\BOOKMARK [3][-]{subsubsection.2.1.1}{Cha\356ne}{subsection.2.1}% 9
\BOOKMARK [3][-]{subsubsection.2.1.2}{Team}{subsection.2.1}% 10
\BOOKMARK [3][-]{subsubsection.2.1.3}{Suivis \(Following\)}{subsection.2.1}% 11
\BOOKMARK [2][-]{subsection.2.2}{Pourquoi avoir choisi ce sujet ?}{section.2}% 12
\BOOKMARK [2][-]{subsection.2.3}{Pourquoi une application de bureau ?}{section.2}% 13
\BOOKMARK [2][-]{subsection.2.4}{Pourquoi C\043?}{section.2}% 14
\BOOKMARK [1][-]{section.3}{Analyse de l'existant}{part.2}% 15
\BOOKMARK [2][-]{subsection.3.1}{Existant}{section.3}% 16
\BOOKMARK [2][-]{subsection.3.2}{Critique de l'existant}{section.3}% 17
\BOOKMARK [0][-]{part.3}{III Analyse fonctionnelle}{}% 18
\BOOKMARK [1][-]{section.4}{Gestion des chaines}{part.3}% 19
\BOOKMARK [1][-]{section.5}{Recherche d'une chaine}{part.3}% 20
\BOOKMARK [1][-]{section.6}{Ajout d'une cha\356ne}{part.3}% 21
\BOOKMARK [1][-]{section.7}{Gestion des notifications}{part.3}% 22
\BOOKMARK [1][-]{section.8}{Interface homme-machine}{part.3}% 23
\BOOKMARK [2][-]{subsection.8.1}{Vue principale}{section.8}% 24
\BOOKMARK [2][-]{subsection.8.2}{Vue d\351tail d'une cha\356ne}{section.8}% 25
\BOOKMARK [0][-]{part.4}{IV Analyse organique}{}% 26
\BOOKMARK [1][-]{section.9}{Diagramme de classe}{part.4}% 27
\BOOKMARK [2][-]{subsection.9.1}{Model}{section.9}% 28
\BOOKMARK [2][-]{subsection.9.2}{Controllers}{section.9}% 29
\BOOKMARK [3][-]{subsubsection.9.2.1}{Views}{subsection.9.2}% 30
\BOOKMARK [1][-]{section.10}{API Twitch \(Twitch.Net\)}{part.4}% 31
\BOOKMARK [2][-]{subsection.10.1}{OAuth 2.0}{section.10}% 32
\BOOKMARK [2][-]{subsection.10.2}{Site d'autorisation}{section.10}% 33
\BOOKMARK [2][-]{subsection.10.3}{cURL}{section.10}% 34
\BOOKMARK [1][-]{section.11}{Fonctions}{part.4}% 35
\BOOKMARK [2][-]{subsection.11.1}{Affichage}{section.11}% 36
\BOOKMARK [2][-]{subsection.11.2}{Notification}{section.11}% 37
\BOOKMARK [3][-]{subsubsection.11.2.1}{V\351rification de nouveaux streams en ligne}{subsection.11.2}% 38
\BOOKMARK [1][-]{section.12}{Tests}{part.4}% 39
\BOOKMARK [1][-]{section.13}{Conclusion}{part.4}% 40
\BOOKMARK [1][-]{section.14}{Glossaire}{part.4}% 41
\BOOKMARK [1][-]{section.15}{Annexes}{part.4}% 42
\BOOKMARK [2][-]{subsection.15.1}{Planification}{section.15}% 43
\BOOKMARK [3][-]{subsubsection.15.1.1}{Planification pr\351visionnelle}{subsection.15.1}% 44
\BOOKMARK [3][-]{subsubsection.15.1.2}{Planning r\351el}{subsection.15.1}% 45
