\BOOKMARK [0][-]{part.1}{I Cahier des charges}{}% 1
\BOOKMARK [1][-]{section.1}{Initial}{part.1}% 2
\BOOKMARK [2][-]{subsection.1.1}{Titre du projet}{section.1}% 3
\BOOKMARK [2][-]{subsection.1.2}{Objectifs du projet}{section.1}% 4
\BOOKMARK [2][-]{subsection.1.3}{Description du projet}{section.1}% 5
\BOOKMARK [0][-]{part.2}{II \311tude d'opportunit\351}{}% 6
\BOOKMARK [1][-]{section.2}{Introduction au projet}{part.2}% 7
\BOOKMARK [2][-]{subsection.2.1}{Twitch}{section.2}% 8
\BOOKMARK [3][-]{subsubsection.2.1.1}{Cha\356ne}{subsection.2.1}% 9
\BOOKMARK [3][-]{subsubsection.2.1.2}{Team}{subsection.2.1}% 10
\BOOKMARK [3][-]{subsubsection.2.1.3}{Suivis \(Following\)}{subsection.2.1}% 11
\BOOKMARK [2][-]{subsection.2.2}{Pourquoi avoir choisi ce sujet ?}{section.2}% 12
\BOOKMARK [2][-]{subsection.2.3}{Pourquoi une application de bureau ?}{section.2}% 13
\BOOKMARK [2][-]{subsection.2.4}{Pourquoi C\043?}{section.2}% 14
\BOOKMARK [1][-]{section.3}{Analyse de l'existant}{part.2}% 15
\BOOKMARK [2][-]{subsection.3.1}{Existant}{section.3}% 16
\BOOKMARK [2][-]{subsection.3.2}{Critique de l'existant}{section.3}% 17
\BOOKMARK [1][-]{section.4}{Analyse fonctionnelle}{part.2}% 18
\BOOKMARK [2][-]{subsection.4.1}{API Twitch \(Twitch.Net\)}{section.4}% 19
\BOOKMARK [3][-]{subsubsection.4.1.1}{OAuth 2.0}{subsection.4.1}% 20
\BOOKMARK [3][-]{subsubsection.4.1.2}{cURL}{subsection.4.1}% 21
\BOOKMARK [2][-]{subsection.4.2}{Gestion des chaines}{section.4}% 22
\BOOKMARK [2][-]{subsection.4.3}{Recherche d'une chaine}{section.4}% 23
\BOOKMARK [2][-]{subsection.4.4}{Ajout d'une cha\356ne}{section.4}% 24
\BOOKMARK [2][-]{subsection.4.5}{Gestion des notifications}{section.4}% 25
\BOOKMARK [2][-]{subsection.4.6}{Interface homme-machine}{section.4}% 26
\BOOKMARK [3][-]{subsubsection.4.6.1}{Vue principale}{subsection.4.6}% 27
\BOOKMARK [1][-]{section.5}{Analyse organique}{part.2}% 28
\BOOKMARK [2][-]{subsection.5.1}{Diagramme de classe}{section.5}% 29
\BOOKMARK [2][-]{subsection.5.2}{API}{section.5}% 30
\BOOKMARK [1][-]{section.6}{Tests}{part.2}% 31
\BOOKMARK [1][-]{section.7}{Conclusion}{part.2}% 32
\BOOKMARK [1][-]{section.8}{Glossaire}{part.2}% 33
\BOOKMARK [1][-]{section.9}{Annexes}{part.2}% 34
\BOOKMARK [2][-]{subsection.9.1}{Planification}{section.9}% 35
\BOOKMARK [3][-]{subsubsection.9.1.1}{Planification pr\351visionnelle}{subsection.9.1}% 36
\BOOKMARK [3][-]{subsubsection.9.1.2}{Planning r\351el}{subsection.9.1}% 37
