This is pdfTeX, Version 3.1415926-1.40.11 (MiKTeX 2.9) (preloaded format=pdflatex 2011.4.27)  3 DEC 2014 11:29
entering extended mode
**WebTVCenter.tex
(C:\Users\admintech\Documents\GitHub\TSEM2\Documentation\WebTVCenter.tex
LaTeX2e <2009/09/24>
Babel <v3.8l> and hyphenation patterns for english, afrikaans, ancientgreek, ar
abic, armenian, assamese, basque, bengali, bokmal, bulgarian, catalan, coptic, 
croatian, czech, danish, dutch, esperanto, estonian, farsi, finnish, french, ga
lician, german, german-x-2009-06-19, greek, gujarati, hindi, hungarian, iceland
ic, indonesian, interlingua, irish, italian, kannada, kurmanji, lao, latin, lat
vian, lithuanian, malayalam, marathi, mongolian, mongolianlmc, monogreek, ngerm
an, ngerman-x-2009-06-19, nynorsk, oriya, panjabi, pinyin, polish, portuguese, 
romanian, russian, sanskrit, serbian, slovak, slovenian, spanish, swedish, swis
sgerman, tamil, telugu, turkish, turkmen, ukenglish, ukrainian, uppersorbian, u
senglishmax, welsh, loaded.

(C:\Users\admintech\Documents\USBTeX-1.6_TeXstudio\USBTeX-1.6_TeXstudio\program
s\MiKTeX_2.9\tex\latex\base\article.cls
Document Class: article 2007/10/19 v1.4h Standard LaTeX document class

(C:\Users\admintech\Documents\USBTeX-1.6_TeXstudio\USBTeX-1.6_TeXstudio\program
s\MiKTeX_2.9\tex\latex\base\size10.clo
File: size10.clo 2007/10/19 v1.4h Standard LaTeX file (size option)
)
\c@part=\count79
\c@section=\count80
\c@subsection=\count81
\c@subsubsection=\count82
\c@paragraph=\count83
\c@subparagraph=\count84
\c@figure=\count85
\c@table=\count86
\abovecaptionskip=\skip41
\belowcaptionskip=\skip42
\bibindent=\dimen102
)
(C:\Users\admintech\Documents\USBTeX-1.6_TeXstudio\USBTeX-1.6_TeXstudio\program
s\MiKTeX_2.9\tex\latex\base\inputenc.sty
Package: inputenc 2008/03/30 v1.1d Input encoding file
\inpenc@prehook=\toks14
\inpenc@posthook=\toks15

(C:\Users\admintech\Documents\USBTeX-1.6_TeXstudio\USBTeX-1.6_TeXstudio\program
s\MiKTeX_2.9\tex\latex\base\latin1.def
File: latin1.def 2008/03/30 v1.1d Input encoding file
))
(C:\Users\admintech\Documents\USBTeX-1.6_TeXstudio\USBTeX-1.6_TeXstudio\program
s\MiKTeX_2.9\tex\latex\base\fontenc.sty
Package: fontenc 2005/09/27 v1.99g Standard LaTeX package

(C:\Users\admintech\Documents\USBTeX-1.6_TeXstudio\USBTeX-1.6_TeXstudio\program
s\MiKTeX_2.9\tex\latex\base\t1enc.def
File: t1enc.def 2005/09/27 v1.99g Standard LaTeX file
LaTeX Font Info:    Redeclaring font encoding T1 on input line 43.
))
(C:\Users\admintech\Documents\USBTeX-1.6_TeXstudio\USBTeX-1.6_TeXstudio\program
s\MiKTeX_2.9\tex\latex\lm\lmodern.sty
Package: lmodern 2009/10/30 v1.6 Latin Modern Fonts
LaTeX Font Info:    Overwriting symbol font `operators' in version `normal'
(Font)                  OT1/cmr/m/n --> OT1/lmr/m/n on input line 22.
LaTeX Font Info:    Overwriting symbol font `letters' in version `normal'
(Font)                  OML/cmm/m/it --> OML/lmm/m/it on input line 23.
LaTeX Font Info:    Overwriting symbol font `symbols' in version `normal'
(Font)                  OMS/cmsy/m/n --> OMS/lmsy/m/n on input line 24.
LaTeX Font Info:    Overwriting symbol font `largesymbols' in version `normal'
(Font)                  OMX/cmex/m/n --> OMX/lmex/m/n on input line 25.
LaTeX Font Info:    Overwriting symbol font `operators' in version `bold'
(Font)                  OT1/cmr/bx/n --> OT1/lmr/bx/n on input line 26.
LaTeX Font Info:    Overwriting symbol font `letters' in version `bold'
(Font)                  OML/cmm/b/it --> OML/lmm/b/it on input line 27.
LaTeX Font Info:    Overwriting symbol font `symbols' in version `bold'
(Font)                  OMS/cmsy/b/n --> OMS/lmsy/b/n on input line 28.
LaTeX Font Info:    Overwriting symbol font `largesymbols' in version `bold'
(Font)                  OMX/cmex/m/n --> OMX/lmex/m/n on input line 29.
LaTeX Font Info:    Overwriting math alphabet `\mathbf' in version `normal'
(Font)                  OT1/cmr/bx/n --> OT1/lmr/bx/n on input line 31.
LaTeX Font Info:    Overwriting math alphabet `\mathsf' in version `normal'
(Font)                  OT1/cmss/m/n --> OT1/lmss/m/n on input line 32.
LaTeX Font Info:    Overwriting math alphabet `\mathit' in version `normal'
(Font)                  OT1/cmr/m/it --> OT1/lmr/m/it on input line 33.
LaTeX Font Info:    Overwriting math alphabet `\mathtt' in version `normal'
(Font)                  OT1/cmtt/m/n --> OT1/lmtt/m/n on input line 34.
LaTeX Font Info:    Overwriting math alphabet `\mathbf' in version `bold'
(Font)                  OT1/cmr/bx/n --> OT1/lmr/bx/n on input line 35.
LaTeX Font Info:    Overwriting math alphabet `\mathsf' in version `bold'
(Font)                  OT1/cmss/bx/n --> OT1/lmss/bx/n on input line 36.
LaTeX Font Info:    Overwriting math alphabet `\mathit' in version `bold'
(Font)                  OT1/cmr/bx/it --> OT1/lmr/bx/it on input line 37.
LaTeX Font Info:    Overwriting math alphabet `\mathtt' in version `bold'
(Font)                  OT1/cmtt/m/n --> OT1/lmtt/m/n on input line 38.
)
(C:\Users\admintech\Documents\USBTeX-1.6_TeXstudio\USBTeX-1.6_TeXstudio\program
s\MiKTeX_2.9\tex\latex\geometry\geometry.sty
Package: geometry 2010/09/12 v5.6 Page Geometry

(C:\Users\admintech\Documents\USBTeX-1.6_TeXstudio\USBTeX-1.6_TeXstudio\program
s\MiKTeX_2.9\tex\latex\graphics\keyval.sty
Package: keyval 1999/03/16 v1.13 key=value parser (DPC)
\KV@toks@=\toks16
)
(C:\Users\admintech\Documents\USBTeX-1.6_TeXstudio\USBTeX-1.6_TeXstudio\program
s\MiKTeX_2.9\tex\generic\oberdiek\ifpdf.sty
Package: ifpdf 2011/01/30 v2.3 Provides the ifpdf switch (HO)
Package ifpdf Info: pdfTeX in PDF mode is detected.
)
(C:\Users\admintech\Documents\USBTeX-1.6_TeXstudio\USBTeX-1.6_TeXstudio\program
s\MiKTeX_2.9\tex\generic\oberdiek\ifvtex.sty
Package: ifvtex 2010/03/01 v1.5 Switches for detecting VTeX and its modes (HO)
Package ifvtex Info: VTeX not detected.
)
(C:\Users\admintech\Documents\USBTeX-1.6_TeXstudio\USBTeX-1.6_TeXstudio\program
s\MiKTeX_2.9\tex\generic\ifxetex\ifxetex.sty
Package: ifxetex 2010/09/12 v0.6 Provides ifxetex conditional
)
\Gm@cnth=\count87
\Gm@cntv=\count88
\c@Gm@tempcnt=\count89
\Gm@bindingoffset=\dimen103
\Gm@wd@mp=\dimen104
\Gm@odd@mp=\dimen105
\Gm@even@mp=\dimen106
\Gm@layoutwidth=\dimen107
\Gm@layoutheight=\dimen108
\Gm@layouthoffset=\dimen109
\Gm@layoutvoffset=\dimen110
\Gm@dimlist=\toks17

(C:\Users\admintech\Documents\USBTeX-1.6_TeXstudio\USBTeX-1.6_TeXstudio\program
s\MiKTeX_2.9\tex\latex\geometry\geometry.cfg))
(C:\Users\admintech\Documents\USBTeX-1.6_TeXstudio\USBTeX-1.6_TeXstudio\program
s\MiKTeX_2.9\tex\generic\babel\babel.sty
Package: babel 2008/07/06 v3.8l The Babel package

*************************************
* Local config file bblopts.cfg used
*

(C:\Users\admintech\Documents\USBTeX-1.6_TeXstudio\USBTeX-1.6_TeXstudio\program
s\MiKTeX_2.9\tex\latex\00miktex\bblopts.cfg
File: bblopts.cfg 2006/07/31 v1.0 MiKTeX 'babel' configuration
)
(C:\Users\admintech\Documents\USBTeX-1.6_TeXstudio\USBTeX-1.6_TeXstudio\program
s\MiKTeX_2.9\tex\generic\babel\frenchb.ldf
Language: frenchb 2009/03/16 v2.3d French support from the babel system

(C:\Users\admintech\Documents\USBTeX-1.6_TeXstudio\USBTeX-1.6_TeXstudio\program
s\MiKTeX_2.9\tex\generic\babel\babel.def
File: babel.def 2008/07/06 v3.8l Babel common definitions
\babel@savecnt=\count90
\U@D=\dimen111
)
Package babel Info: Making : an active character on input line 120.
Package babel Info: Making ; an active character on input line 121.
Package babel Info: Making ! an active character on input line 122.
Package babel Info: Making ? an active character on input line 123.
\FB@Mht=\dimen112
\std@mcc=\count91
\dec@mcc=\count92
\parindentFFN=\dimen113

*************************************
* Local config file frenchb.cfg used
*

(C:\Users\admintech\Documents\USBTeX-1.6_TeXstudio\USBTeX-1.6_TeXstudio\program
s\MiKTeX_2.9\tex\generic\babel\frenchb.cfg)))
(C:\Users\admintech\Documents\USBTeX-1.6_TeXstudio\USBTeX-1.6_TeXstudio\program
s\MiKTeX_2.9\tex\latex\carlisle\scalefnt.sty)
(C:\Users\admintech\Documents\USBTeX-1.6_TeXstudio\USBTeX-1.6_TeXstudio\program
s\MiKTeX_2.9\tex\latex\fancyhdr\fancyhdr.sty
\fancy@headwidth=\skip43
\f@ncyO@elh=\skip44
\f@ncyO@erh=\skip45
\f@ncyO@olh=\skip46
\f@ncyO@orh=\skip47
\f@ncyO@elf=\skip48
\f@ncyO@erf=\skip49
\f@ncyO@olf=\skip50
\f@ncyO@orf=\skip51
)
(C:\Users\admintech\Documents\USBTeX-1.6_TeXstudio\USBTeX-1.6_TeXstudio\program
s\MiKTeX_2.9\tex\latex\hyperref\hyperref.sty
Package: hyperref 2011/04/17 v6.82g Hypertext links for LaTeX

(C:\Users\admintech\Documents\USBTeX-1.6_TeXstudio\USBTeX-1.6_TeXstudio\program
s\MiKTeX_2.9\tex\generic\oberdiek\hobsub-hyperref.sty
Package: hobsub-hyperref 2011/04/18 v1.3 Bundle oberdiek, subset hyperref (HO)

(C:\Users\admintech\Documents\USBTeX-1.6_TeXstudio\USBTeX-1.6_TeXstudio\program
s\MiKTeX_2.9\tex\generic\oberdiek\hobsub-generic.sty
Package: hobsub-generic 2011/04/18 v1.3 Bundle oberdiek, subset generic (HO)
Package: hobsub 2011/04/18 v1.3 Subsetting bundle oberdiek (HO)
Package: infwarerr 2010/04/08 v1.3 Providing info/warning/message (HO)
Package: ltxcmds 2011/04/18 v1.20 LaTeX kernel commands for general use (HO)
Package: ifluatex 2010/03/01 v1.3 Provides the ifluatex switch (HO)
Package ifluatex Info: LuaTeX not detected.
Package hobsub Info: Skipping package `ifvtex' (already loaded).
Package: intcalc 2007/09/27 v1.1 Expandable integer calculations (HO)
Package hobsub Info: Skipping package `ifpdf' (already loaded).
Package: etexcmds 2011/02/16 v1.5 Prefix for e-TeX command names (HO)
Package etexcmds Info: Could not find \expanded.
(etexcmds)             That can mean that you are not using pdfTeX 1.50 or
(etexcmds)             that some package has redefined \expanded.
(etexcmds)             In the latter case, load this package earlier.
Package: kvsetkeys 2011/04/07 v1.13 Key value parser (HO)
Package: kvdefinekeys 2011/04/07 v1.3 Defining keys (HO)
Package: pdftexcmds 2011/04/16 v0.15 Utilities of pdfTeX for LuaTeX (HO)
Package pdftexcmds Info: LuaTeX not detected.
Package pdftexcmds Info: \pdf@primitive is available.
Package pdftexcmds Info: \pdf@ifprimitive is available.
Package pdftexcmds Info: \pdfdraftmode found.
Package: pdfescape 2011/04/04 v1.12 Provides string conversions (HO)
Package: bigintcalc 2011/01/30 v1.2 Expandable big integer calculations (HO)
Package: bitset 2011/01/30 v1.1 Data type bit set (HO)
Package: uniquecounter 2011/01/30 v1.2 Provides unlimited unique counter (HO)
)
Package hobsub Info: Skipping package `hobsub' (already loaded).
Package: letltxmacro 2010/09/02 v1.4 Let assignment for LaTeX macros (HO)
Package: hopatch 2011/01/30 v1.0 Wrapper for package hooks (HO)
Package: xcolor-patch 2011/01/30 xcolor patch
Package: atveryend 2011/04/15 v1.6 Hooks at very end of document (HO)
Package atveryend Info: \enddocument detected (standard).
Package: atbegshi 2011/01/30 v1.15 At begin shipout hook (HO)
Package: refcount 2010/12/01 v3.2 Data extraction from references (HO)
Package: hycolor 2011/01/30 v1.7 Color options of hyperref/bookmark (HO)
)
(C:\Users\admintech\Documents\USBTeX-1.6_TeXstudio\USBTeX-1.6_TeXstudio\program
s\MiKTeX_2.9\tex\latex\oberdiek\kvoptions.sty
Package: kvoptions 2010/12/23 v3.10 Keyval support for LaTeX options (HO)
)
\@linkdim=\dimen114
\Hy@linkcounter=\count93
\Hy@pagecounter=\count94

(C:\Users\admintech\Documents\USBTeX-1.6_TeXstudio\USBTeX-1.6_TeXstudio\program
s\MiKTeX_2.9\tex\latex\hyperref\pd1enc.def
File: pd1enc.def 2011/04/17 v6.82g Hyperref: PDFDocEncoding definition (HO)
)
\Hy@SavedSpaceFactor=\count95

(C:\Users\admintech\Documents\USBTeX-1.6_TeXstudio\USBTeX-1.6_TeXstudio\program
s\MiKTeX_2.9\tex\latex\00miktex\hyperref.cfg
File: hyperref.cfg 2002/06/06 v1.2 hyperref configuration of TeXLive
)
Package hyperref Info: Hyper figures OFF on input line 4026.
Package hyperref Info: Link nesting OFF on input line 4031.
Package hyperref Info: Hyper index ON on input line 4034.
Package hyperref Info: Plain pages OFF on input line 4041.
Package hyperref Info: Backreferencing OFF on input line 4046.
Package hyperref Info: Implicit mode ON; LaTeX internals redefined.
Package hyperref Info: Bookmarks ON on input line 4264.
\c@Hy@tempcnt=\count96

(C:\Users\admintech\Documents\USBTeX-1.6_TeXstudio\USBTeX-1.6_TeXstudio\program
s\MiKTeX_2.9\tex\latex\ltxmisc\url.sty
\Urlmuskip=\muskip10
Package: url 2006/04/12  ver 3.3  Verb mode for urls, etc.
)
LaTeX Info: Redefining \url on input line 4617.
\Fld@menulength=\count97
\Field@Width=\dimen115
\Fld@charsize=\dimen116
Package hyperref Info: Hyper figures OFF on input line 5701.
Package hyperref Info: Link nesting OFF on input line 5706.
Package hyperref Info: Hyper index ON on input line 5709.
Package hyperref Info: backreferencing OFF on input line 5716.
Package hyperref Info: Link coloring OFF on input line 5721.
Package hyperref Info: Link coloring with OCG OFF on input line 5726.
Package hyperref Info: PDF/A mode OFF on input line 5731.
LaTeX Info: Redefining \ref on input line 5771.
LaTeX Info: Redefining \pageref on input line 5775.
\Hy@abspage=\count98
\c@Item=\count99
\c@Hfootnote=\count100
)

Package hyperref Message: Driver (autodetected): hpdftex.


(C:\Users\admintech\Documents\USBTeX-1.6_TeXstudio\USBTeX-1.6_TeXstudio\program
s\MiKTeX_2.9\tex\latex\hyperref\hpdftex.def
File: hpdftex.def 2011/04/17 v6.82g Hyperref driver for pdfTeX
\Fld@listcount=\count101
\c@bookmark@seq@number=\count102

(C:\Users\admintech\Documents\USBTeX-1.6_TeXstudio\USBTeX-1.6_TeXstudio\program
s\MiKTeX_2.9\tex\latex\oberdiek\rerunfilecheck.sty
Package: rerunfilecheck 2011/04/15 v1.7 Rerun checks for auxiliary files (HO)
Package uniquecounter Info: New unique counter `rerunfilecheck' on input line 2
82.
)
\Hy@SectionHShift=\skip52
)
(C:\Users\admintech\Documents\USBTeX-1.6_TeXstudio\USBTeX-1.6_TeXstudio\program
s\MiKTeX_2.9\tex\latex\graphics\graphicx.sty
Package: graphicx 1999/02/16 v1.0f Enhanced LaTeX Graphics (DPC,SPQR)

(C:\Users\admintech\Documents\USBTeX-1.6_TeXstudio\USBTeX-1.6_TeXstudio\program
s\MiKTeX_2.9\tex\latex\graphics\graphics.sty
Package: graphics 2009/02/05 v1.0o Standard LaTeX Graphics (DPC,SPQR)

(C:\Users\admintech\Documents\USBTeX-1.6_TeXstudio\USBTeX-1.6_TeXstudio\program
s\MiKTeX_2.9\tex\latex\graphics\trig.sty
Package: trig 1999/03/16 v1.09 sin cos tan (DPC)
)
(C:\Users\admintech\Documents\USBTeX-1.6_TeXstudio\USBTeX-1.6_TeXstudio\program
s\MiKTeX_2.9\tex\latex\00miktex\graphics.cfg
File: graphics.cfg 2007/01/18 v1.5 graphics configuration of teTeX/TeXLive
)
Package graphics Info: Driver file: pdftex.def on input line 91.

(C:\Users\admintech\Documents\USBTeX-1.6_TeXstudio\USBTeX-1.6_TeXstudio\program
s\MiKTeX_2.9\tex\latex\pdftex-def\pdftex.def
File: pdftex.def 2011/01/28 v0.05d Graphics/color for pdfTeX
\Gread@gobject=\count103
))
\Gin@req@height=\dimen117
\Gin@req@width=\dimen118
)
(C:\Users\admintech\Documents\USBTeX-1.6_TeXstudio\USBTeX-1.6_TeXstudio\program
s\MiKTeX_2.9\tex\latex\datatool\datatool.sty
Package: datatool 2009/11/15 v2.03 (NLCT)

(C:\Users\admintech\Documents\USBTeX-1.6_TeXstudio\USBTeX-1.6_TeXstudio\program
s\MiKTeX_2.9\tex\latex\xkeyval\xkeyval.sty
Package: xkeyval 2008/08/13 v2.6a package option processing (HA)

(C:\Users\admintech\Documents\USBTeX-1.6_TeXstudio\USBTeX-1.6_TeXstudio\program
s\MiKTeX_2.9\tex\generic\xkeyval\xkeyval.tex
\XKV@toks=\toks18
\XKV@tempa@toks=\toks19
\XKV@depth=\count104
File: xkeyval.tex 2008/08/13 v2.6a key=value parser (HA)
))
(C:\Users\admintech\Documents\USBTeX-1.6_TeXstudio\USBTeX-1.6_TeXstudio\program
s\MiKTeX_2.9\tex\latex\base\ifthen.sty
Package: ifthen 2001/05/26 v1.1c Standard LaTeX ifthen package (DPC)
)
(C:\Users\admintech\Documents\USBTeX-1.6_TeXstudio\USBTeX-1.6_TeXstudio\program
s\MiKTeX_2.9\tex\latex\xfor\xfor.sty
Package: xfor 2009/02/05 v1.05 (NLCT)
)
(C:\Users\admintech\Documents\USBTeX-1.6_TeXstudio\USBTeX-1.6_TeXstudio\program
s\MiKTeX_2.9\tex\latex\fp\fp.sty
Package: fp 1995/04/02

`Fixed Point Package', Version 0.8, April 2, 1995 (C) Michael Mehlich
(C:\Users\admintech\Documents\USBTeX-1.6_TeXstudio\USBTeX-1.6_TeXstudio\program
s\MiKTeX_2.9\tex\latex\fp\defpattern.sty
Package: defpattern 1994/10/12
\actioncount=\count105
)
(C:\Users\admintech\Documents\USBTeX-1.6_TeXstudio\USBTeX-1.6_TeXstudio\program
s\MiKTeX_2.9\tex\latex\fp\fp-basic.sty
Package: fp-basic 1996/05/13
\FP@xs=\count106
\FP@xia=\count107
\FP@xib=\count108
\FP@xfa=\count109
\FP@xfb=\count110
\FP@rega=\count111
\FP@regb=\count112
\FP@regs=\count113
\FP@times=\count114
)
(C:\Users\admintech\Documents\USBTeX-1.6_TeXstudio\USBTeX-1.6_TeXstudio\program
s\MiKTeX_2.9\tex\latex\fp\fp-addons.sty
Package: fp-addons 1995/03/15
)
(C:\Users\admintech\Documents\USBTeX-1.6_TeXstudio\USBTeX-1.6_TeXstudio\program
s\MiKTeX_2.9\tex\latex\fp\fp-snap.sty
Package: fp-snap 1995/04/05
)
(C:\Users\admintech\Documents\USBTeX-1.6_TeXstudio\USBTeX-1.6_TeXstudio\program
s\MiKTeX_2.9\tex\latex\fp\fp-exp.sty
Package: fp-exp 1995/04/03
)
(C:\Users\admintech\Documents\USBTeX-1.6_TeXstudio\USBTeX-1.6_TeXstudio\program
s\MiKTeX_2.9\tex\latex\fp\fp-trigo.sty
Package: fp-trigo 1995/04/14
)
(C:\Users\admintech\Documents\USBTeX-1.6_TeXstudio\USBTeX-1.6_TeXstudio\program
s\MiKTeX_2.9\tex\latex\fp\fp-pas.sty
Package: fp-pas 1994/08/29
)
(C:\Users\admintech\Documents\USBTeX-1.6_TeXstudio\USBTeX-1.6_TeXstudio\program
s\MiKTeX_2.9\tex\latex\fp\fp-random.sty
Package: fp-random 1995/02/23
\FPseed=\count115
)
(C:\Users\admintech\Documents\USBTeX-1.6_TeXstudio\USBTeX-1.6_TeXstudio\program
s\MiKTeX_2.9\tex\latex\fp\fp-eqn.sty
Package: fp-eqn 1995/04/03
)
(C:\Users\admintech\Documents\USBTeX-1.6_TeXstudio\USBTeX-1.6_TeXstudio\program
s\MiKTeX_2.9\tex\latex\fp\fp-upn.sty
Package: fp-upn 1996/10/21
)
(C:\Users\admintech\Documents\USBTeX-1.6_TeXstudio\USBTeX-1.6_TeXstudio\program
s\MiKTeX_2.9\tex\latex\fp\fp-eval.sty
Package: fp-eval 1995/04/03
))
(C:\Users\admintech\Documents\USBTeX-1.6_TeXstudio\USBTeX-1.6_TeXstudio\program
s\MiKTeX_2.9\tex\latex\substr\substr.sty
Package: substr 2009/10/20 v1.2 Handle substrings
\c@su@anzahl=\count116
)
(C:\Users\admintech\Documents\USBTeX-1.6_TeXstudio\USBTeX-1.6_TeXstudio\program
s\MiKTeX_2.9\tex\latex\misc\etex.sty
Package: etex 1998/03/26 v2.0 eTeX basic definition package (PEB)
\et@xins=\count117
)
\@dtl@datatype=\count118
\@dtl@tmpcount=\count119
\dtl@tmplength=\skip53
\@dtl@numgrpsepcount=\count120
\dtl@codeA=\count121
\dtl@codeB=\count122
\dtlcolumnnum=\count123
\dtlrownum=\count124
\@dtl@before=\toks20
\@dtl@after=\toks21
\@dtl@colhead=\toks22
\dtlcurrentrow=\toks23
\dtlbeforerow=\toks24
\dtlafterrow=\toks25
\@dtl@foreach@level=\count125
\dtlforeachlevel=\count126
\c@DTLrowi=\count127
\c@DTLrowii=\count128
\c@DTLrowiii=\count129
\c@DTLrow=\count130
\dtl@rowi=\count131
\dtl@rowii=\count132
\dtl@rowiii=\count133
\@dtl@curi=\toks26
\@dtl@previ=\toks27
\@dtl@nexti=\toks28
\@dtl@curii=\toks29
\@dtl@previi=\toks30
\@dtl@nextii=\toks31
\@dtl@curiii=\toks32
\@dtl@previii=\toks33
\@dtl@nextiii=\toks34
\@dtl@elements=\count134
\@dtl@list=\toks35
\@dtl@rowa=\toks36
\@dtl@rowb=\toks37
\@dtl@toksA=\toks38
\@dtl@toksB=\toks39
\@dtl@toks=\toks40
\@dtl@write=\write3
\@dtl@read=\read1
\dtl@entrycr=\count135
\dtl@sortresult=\count136
)
(C:\Users\admintech\Documents\USBTeX-1.6_TeXstudio\USBTeX-1.6_TeXstudio\program
s\MiKTeX_2.9\tex\latex\glossaries\base\glossaries.sty
Package: glossaries 2013/07/05 v3.07 (NLCT)

(C:\Users\admintech\Documents\USBTeX-1.6_TeXstudio\USBTeX-1.6_TeXstudio\program
s\MiKTeX_2.9\tex\latex\glossaries\base\mfirstuc.sty
Package: mfirstuc 2012/05/21 v1.06 (NLCT)

(C:\Users\admintech\Documents\USBTeX-1.6_TeXstudio\USBTeX-1.6_TeXstudio\program
s\MiKTeX_2.9\tex\latex\etoolbox\etoolbox.sty
Package: etoolbox 2011/01/03 v2.1 e-TeX tools for LaTeX
\etb@tempcnta=\count137
)
\@glsmfirst=\toks41
\@glsmrest=\toks42
)

! LaTeX Error: File `datatool-base.sty' not found.

Type X to quit or <RETURN> to proceed,
or enter new name. (Default extension: sty)

Enter file name: 
! Emergency stop.
<read *> 
         
l.48 \RequirePackage
                    {amsgen}
*** (cannot \read from terminal in nonstop modes)

 
Here is how much of TeX's memory you used:
 7828 strings out of 494019
 117523 string characters out of 3128541
 233996 words of memory out of 3000000
 11026 multiletter control sequences out of 15000+200000
 4403 words of font info for 15 fonts, out of 3000000 for 9000
 714 hyphenation exceptions out of 8191
 32i,0n,43p,1464b,37s stack positions out of 5000i,500n,10000p,200000b,50000s
!  ==> Fatal error occurred, no output PDF file produced!
